23-Mar-2022 10:37:12.047 INFO [main] org.apache.catalina.startup.VersionLoggerListener.log Nombre de la versión del servidor: Apache Tomcat/8.5.77
23-Mar-2022 10:37:12.050 INFO [main] org.apache.catalina.startup.VersionLoggerListener.log Server built:                      Mar 13 2022 19:13:33 UTC
23-Mar-2022 10:37:12.050 INFO [main] org.apache.catalina.startup.VersionLoggerListener.log Número de versión de servidor:     8.5.77.0
23-Mar-2022 10:37:12.050 INFO [main] org.apache.catalina.startup.VersionLoggerListener.log OS Name:                           Windows 10
23-Mar-2022 10:37:12.050 INFO [main] org.apache.catalina.startup.VersionLoggerListener.log Versión de Systema Operativo:      10.0
23-Mar-2022 10:37:12.051 INFO [main] org.apache.catalina.startup.VersionLoggerListener.log Arquitectura:                      amd64
23-Mar-2022 10:37:12.051 INFO [main] org.apache.catalina.startup.VersionLoggerListener.log Java Home:                         C:\Program Files\Java\jdk-11.0.13
23-Mar-2022 10:37:12.051 INFO [main] org.apache.catalina.startup.VersionLoggerListener.log JVM Version:                       11.0.13+10-LTS-370
23-Mar-2022 10:37:12.051 INFO [main] org.apache.catalina.startup.VersionLoggerListener.log Vededor JVM:                       Oracle Corporation
23-Mar-2022 10:37:12.051 INFO [main] org.apache.catalina.startup.VersionLoggerListener.log CATALINA_BASE:                     C:\Users\oscar.avendano\Desktop\java Web\apache-tomcat-8.5.77
23-Mar-2022 10:37:12.051 INFO [main] org.apache.catalina.startup.VersionLoggerListener.log CATALINA_HOME:                     C:\Users\oscar.avendano\Desktop\java Web\apache-tomcat-8.5.77
23-Mar-2022 10:37:12.054 INFO [main] org.apache.catalina.startup.VersionLoggerListener.log Command line argument:             --add-opens=java.base/java.lang=ALL-UNNAMED
23-Mar-2022 10:37:12.054 INFO [main] org.apache.catalina.startup.VersionLoggerListener.log Command line argument:             --add-opens=java.base/java.io=ALL-UNNAMED
23-Mar-2022 10:37:12.054 INFO [main] org.apache.catalina.startup.VersionLoggerListener.log Command line argument:             --add-opens=java.base/java.util=ALL-UNNAMED
23-Mar-2022 10:37:12.054 INFO [main] org.apache.catalina.startup.VersionLoggerListener.log Command line argument:             --add-opens=java.base/java.util.concurrent=ALL-UNNAMED
23-Mar-2022 10:37:12.054 INFO [main] org.apache.catalina.startup.VersionLoggerListener.log Command line argument:             --add-opens=java.rmi/sun.rmi.transport=ALL-UNNAMED
23-Mar-2022 10:37:12.054 INFO [main] org.apache.catalina.startup.VersionLoggerListener.log Command line argument:             -Djava.util.logging.config.file=C:\Users\oscar.avendano\Desktop\java Web\apache-tomcat-8.5.77\conf\logging.properties
23-Mar-2022 10:37:12.054 INFO [main] org.apache.catalina.startup.VersionLoggerListener.log Command line argument:             -Djava.util.logging.manager=org.apache.juli.ClassLoaderLogManager
23-Mar-2022 10:37:12.054 INFO [main] org.apache.catalina.startup.VersionLoggerListener.log Command line argument:             -Dhttp.nonProxyHosts=localhost|127.0.0.1|54X2FX2
23-Mar-2022 10:37:12.054 INFO [main] org.apache.catalina.startup.VersionLoggerListener.log Command line argument:             -Djdk.tls.ephemeralDHKeySize=2048
23-Mar-2022 10:37:12.054 INFO [main] org.apache.catalina.startup.VersionLoggerListener.log Command line argument:             -Djava.protocol.handler.pkgs=org.apache.catalina.webresources
23-Mar-2022 10:37:12.054 INFO [main] org.apache.catalina.startup.VersionLoggerListener.log Command line argument:             -Dignore.endorsed.dirs=
23-Mar-2022 10:37:12.054 INFO [main] org.apache.catalina.startup.VersionLoggerListener.log Command line argument:             -Dcatalina.base=C:\Users\oscar.avendano\Desktop\java Web\apache-tomcat-8.5.77
23-Mar-2022 10:37:12.054 INFO [main] org.apache.catalina.startup.VersionLoggerListener.log Command line argument:             -Dcatalina.home=C:\Users\oscar.avendano\Desktop\java Web\apache-tomcat-8.5.77
23-Mar-2022 10:37:12.054 INFO [main] org.apache.catalina.startup.VersionLoggerListener.log Command line argument:             -Djava.io.tmpdir=C:\Users\oscar.avendano\Desktop\java Web\apache-tomcat-8.5.77\temp
23-Mar-2022 10:37:12.119 INFO [main] org.apache.catalina.core.AprLifecycleListener.lifecycleEvent La biblioteca nativa de Apache Tomcat basada en ARP que permite un rendimiento óptimo en entornos de desarrollo no ha sido hallada en java.library.path: [C:\Program Files\Java\jdk-11.0.13\bin;C:\WINDOWS\Sun\Java\bin;C:\WINDOWS\system32;C:\WINDOWS;C:\Program Files\Common Files\Oracle\Java\javapath;C:\ProgramData\Oracle\Java\javapath;C:\WINDOWS\system32;C:\WINDOWS;C:\WINDOWS\System32\Wbem;C:\WINDOWS\System32\WindowsPowerShell\v1.0\;C:\WINDOWS\System32\OpenSSH\;C:\Program Files (x86)\Intel\Intel(R) Management Engine Components\DAL;C:\Program Files\Intel\Intel(R) Management Engine Components\DAL;C:\Program Files\Microsoft SQL Server\150\Tools\Binn\;C:\Program Files\Microsoft SQL Server\Client SDK\ODBC\170\Tools\Binn\;C:\Program Files\dotnet\;C:\Program Files\Git\cmd;C:\Users\oscar.avendano\AppData\Local\Microsoft\WindowsApps;C:\Users\oscar.avendano\.dotnet\tools;C:\Users\oscar.avendano\AppData\Local\Programs\Microsoft VS Code\bin;.]
23-Mar-2022 10:37:12.210 INFO [main] org.apache.coyote.AbstractProtocol.init Inicializando el manejador de protocolo ["http-nio-8080"]

23-Mar-2022 10:37:12.322 INFO [main] org.apache.catalina.startup.Catalina.load Initialization processed in 1082 ms
23-Mar-2022 10:37:12.499 INFO [main] org.apache.catalina.core.StandardService.startInternal Arrancando servicio [Catalina]
23-Mar-2022 10:37:12.499 INFO [main] org.apache.catalina.core.StandardEngine.startInternal Starting Servlet engine: [Apache Tomcat/8.5.77]
23-Mar-2022 10:37:12.513 INFO [localhost-startStop-1] org.apache.catalina.startup.HostConfig.deployDirectory Desplegando el directorio [C:\Users\oscar.avendano\Desktop\java Web\apache-tomcat-8.5.77\webapps\docs] de la aplicación web
23-Mar-2022 10:37:13.235 WARNING [localhost-startStop-1] org.apache.catalina.util.SessionIdGeneratorBase.createSecureRandom Creation of SecureRandom instance for session ID generation using [SHA1PRNG] took [149] milliseconds.
23-Mar-2022 10:37:13.256 INFO [localhost-startStop-1] org.apache.catalina.startup.HostConfig.deployDirectory Deployment of web application directory [C:\Users\oscar.avendano\Desktop\java Web\apache-tomcat-8.5.77\webapps\docs] has finished in [743] ms
23-Mar-2022 10:37:13.257 INFO [localhost-startStop-1] org.apache.catalina.startup.HostConfig.deployDirectory Desplegando el directorio [C:\Users\oscar.avendano\Desktop\java Web\apache-tomcat-8.5.77\webapps\examples] de la aplicación web
23-Mar-2022 10:37:14.906 INFO [localhost-startStop-1] org.apache.catalina.startup.HostConfig.deployDirectory Deployment of web application directory [C:\Users\oscar.avendano\Desktop\java Web\apache-tomcat-8.5.77\webapps\examples] has finished in [1.650] ms
23-Mar-2022 10:37:14.906 INFO [localhost-startStop-1] org.apache.catalina.startup.HostConfig.deployDirectory Desplegando el directorio [C:\Users\oscar.avendano\Desktop\java Web\apache-tomcat-8.5.77\webapps\host-manager] de la aplicación web
23-Mar-2022 10:37:14.937 INFO [localhost-startStop-1] org.apache.catalina.startup.HostConfig.deployDirectory Deployment of web application directory [C:\Users\oscar.avendano\Desktop\java Web\apache-tomcat-8.5.77\webapps\host-manager] has finished in [31] ms
23-Mar-2022 10:37:14.937 INFO [localhost-startStop-1] org.apache.catalina.startup.HostConfig.deployDirectory Desplegando el directorio [C:\Users\oscar.avendano\Desktop\java Web\apache-tomcat-8.5.77\webapps\manager] de la aplicación web
23-Mar-2022 10:37:14.964 INFO [localhost-startStop-1] org.apache.catalina.startup.HostConfig.deployDirectory Deployment of web application directory [C:\Users\oscar.avendano\Desktop\java Web\apache-tomcat-8.5.77\webapps\manager] has finished in [27] ms
23-Mar-2022 10:37:14.965 INFO [localhost-startStop-1] org.apache.catalina.startup.HostConfig.deployDirectory Desplegando el directorio [C:\Users\oscar.avendano\Desktop\java Web\apache-tomcat-8.5.77\webapps\ROOT] de la aplicación web
23-Mar-2022 10:37:15.011 INFO [localhost-startStop-1] org.apache.catalina.startup.HostConfig.deployDirectory Deployment of web application directory [C:\Users\oscar.avendano\Desktop\java Web\apache-tomcat-8.5.77\webapps\ROOT] has finished in [46] ms
23-Mar-2022 10:37:15.023 INFO [main] org.apache.coyote.AbstractProtocol.start Starting ProtocolHandler ["http-nio-8080"]
23-Mar-2022 10:37:15.367 INFO [main] org.apache.catalina.startup.Catalina.start Server startup in 3044 ms
23-Mar-2022 10:50:26.015 INFO [ContainerBackgroundProcessor[StandardEngine[Catalina]]] org.apache.catalina.users.MemoryUserDatabase.backgroundProcess Reloading memory user database [UserDatabase] from updated source [file:/C:/Users/oscar.avendano/Desktop/java%20Web/apache-tomcat-8.5.77/conf/tomcat-users.xml]
23-Mar-2022 11:35:12.252 INFO [http-nio-8080-exec-3] org.apache.catalina.startup.HostConfig.deployDescriptor Desplieque del descriptor de configuración [C:\Users\oscar.avendano\Desktop\java Web\apache-tomcat-8.5.77\conf\Catalina\localhost\CampaniaWeb.xml]
23-Mar-2022 11:35:12.294 INFO [http-nio-8080-exec-3] org.apache.catalina.startup.HostConfig.deployDescriptor Deployment of deployment descriptor [C:\Users\oscar.avendano\Desktop\java Web\apache-tomcat-8.5.77\conf\Catalina\localhost\CampaniaWeb.xml] has finished in [42] ms
23-Mar-2022 11:35:12.294 INFO [http-nio-8080-exec-2] org.apache.catalina.util.LifecycleBase.start The start() method was called on component [StandardEngine[Catalina].StandardHost[localhost].StandardContext[/CampaniaWeb]] after start() had already been called. The second call will be ignored.
23-Mar-2022 15:13:22.605 INFO [main] org.apache.catalina.core.StandardServer.await Se ha recibido un comando de apagado a través del puerto de apagado. Parando la instancia del Servidor.
23-Mar-2022 15:13:22.620 INFO [main] org.apache.coyote.AbstractProtocol.pause Pausing ProtocolHandler ["http-nio-8080"]
23-Mar-2022 15:13:22.703 INFO [main] org.apache.catalina.core.StandardService.stopInternal Parando servicio [Catalina]
23-Mar-2022 15:13:22.792 INFO [main] org.apache.coyote.AbstractProtocol.stop Stopping ProtocolHandler ["http-nio-8080"]
23-Mar-2022 15:13:22.813 INFO [main] org.apache.coyote.AbstractProtocol.destroy Destroying ProtocolHandler ["http-nio-8080"]
23-Mar-2022 15:36:47.238 INFO [main] org.apache.catalina.startup.VersionLoggerListener.log Nombre de la versión del servidor: Apache Tomcat/8.5.77
23-Mar-2022 15:36:47.238 INFO [main] org.apache.catalina.startup.VersionLoggerListener.log Server built:                      Mar 13 2022 19:13:33 UTC
23-Mar-2022 15:36:47.238 INFO [main] org.apache.catalina.startup.VersionLoggerListener.log Número de versión de servidor:     8.5.77.0
23-Mar-2022 15:36:47.238 INFO [main] org.apache.catalina.startup.VersionLoggerListener.log OS Name:                           Windows 10
23-Mar-2022 15:36:47.238 INFO [main] org.apache.catalina.startup.VersionLoggerListener.log Versión de Systema Operativo:      10.0
23-Mar-2022 15:36:47.238 INFO [main] org.apache.catalina.startup.VersionLoggerListener.log Arquitectura:                      amd64
23-Mar-2022 15:36:47.238 INFO [main] org.apache.catalina.startup.VersionLoggerListener.log Java Home:                         C:\Program Files\Java\jdk-11.0.13
23-Mar-2022 15:36:47.238 INFO [main] org.apache.catalina.startup.VersionLoggerListener.log JVM Version:                       11.0.13+10-LTS-370
23-Mar-2022 15:36:47.238 INFO [main] org.apache.catalina.startup.VersionLoggerListener.log Vededor JVM:                       Oracle Corporation
23-Mar-2022 15:36:47.238 INFO [main] org.apache.catalina.startup.VersionLoggerListener.log CATALINA_BASE:                     C:\Users\oscar.avendano\Desktop\java Web\apache-tomcat-8.5.77
23-Mar-2022 15:36:47.238 INFO [main] org.apache.catalina.startup.VersionLoggerListener.log CATALINA_HOME:                     C:\Users\oscar.avendano\Desktop\java Web\apache-tomcat-8.5.77
23-Mar-2022 15:36:47.238 INFO [main] org.apache.catalina.startup.VersionLoggerListener.log Command line argument:             --add-opens=java.base/java.lang=ALL-UNNAMED
23-Mar-2022 15:36:47.238 INFO [main] org.apache.catalina.startup.VersionLoggerListener.log Command line argument:             --add-opens=java.base/java.io=ALL-UNNAMED
23-Mar-2022 15:36:47.238 INFO [main] org.apache.catalina.startup.VersionLoggerListener.log Command line argument:             --add-opens=java.base/java.util=ALL-UNNAMED
23-Mar-2022 15:36:47.238 INFO [main] org.apache.catalina.startup.VersionLoggerListener.log Command line argument:             --add-opens=java.base/java.util.concurrent=ALL-UNNAMED
23-Mar-2022 15:36:47.238 INFO [main] org.apache.catalina.startup.VersionLoggerListener.log Command line argument:             --add-opens=java.rmi/sun.rmi.transport=ALL-UNNAMED
23-Mar-2022 15:36:47.238 INFO [main] org.apache.catalina.startup.VersionLoggerListener.log Command line argument:             -Djava.util.logging.config.file=C:\Users\oscar.avendano\Desktop\java Web\apache-tomcat-8.5.77\conf\logging.properties
23-Mar-2022 15:36:47.238 INFO [main] org.apache.catalina.startup.VersionLoggerListener.log Command line argument:             -Djava.util.logging.manager=org.apache.juli.ClassLoaderLogManager
23-Mar-2022 15:36:47.238 INFO [main] org.apache.catalina.startup.VersionLoggerListener.log Command line argument:             -Dhttp.nonProxyHosts=localhost|127.0.0.1|54X2FX2
23-Mar-2022 15:36:47.238 INFO [main] org.apache.catalina.startup.VersionLoggerListener.log Command line argument:             -Djdk.tls.ephemeralDHKeySize=2048
23-Mar-2022 15:36:47.238 INFO [main] org.apache.catalina.startup.VersionLoggerListener.log Command line argument:             -Djava.protocol.handler.pkgs=org.apache.catalina.webresources
23-Mar-2022 15:36:47.238 INFO [main] org.apache.catalina.startup.VersionLoggerListener.log Command line argument:             -Dignore.endorsed.dirs=
23-Mar-2022 15:36:47.238 INFO [main] org.apache.catalina.startup.VersionLoggerListener.log Command line argument:             -Dcatalina.base=C:\Users\oscar.avendano\Desktop\java Web\apache-tomcat-8.5.77
23-Mar-2022 15:36:47.238 INFO [main] org.apache.catalina.startup.VersionLoggerListener.log Command line argument:             -Dcatalina.home=C:\Users\oscar.avendano\Desktop\java Web\apache-tomcat-8.5.77
23-Mar-2022 15:36:47.238 INFO [main] org.apache.catalina.startup.VersionLoggerListener.log Command line argument:             -Djava.io.tmpdir=C:\Users\oscar.avendano\Desktop\java Web\apache-tomcat-8.5.77\temp
23-Mar-2022 15:36:47.254 INFO [main] org.apache.catalina.core.AprLifecycleListener.lifecycleEvent La biblioteca nativa de Apache Tomcat basada en ARP que permite un rendimiento óptimo en entornos de desarrollo no ha sido hallada en java.library.path: [C:\Program Files\Java\jdk-11.0.13\bin;C:\WINDOWS\Sun\Java\bin;C:\WINDOWS\system32;C:\WINDOWS;C:\Program Files\Common Files\Oracle\Java\javapath;C:\ProgramData\Oracle\Java\javapath;C:\WINDOWS\system32;C:\WINDOWS;C:\WINDOWS\System32\Wbem;C:\WINDOWS\System32\WindowsPowerShell\v1.0\;C:\WINDOWS\System32\OpenSSH\;C:\Program Files (x86)\Intel\Intel(R) Management Engine Components\DAL;C:\Program Files\Intel\Intel(R) Management Engine Components\DAL;C:\Program Files\Microsoft SQL Server\150\Tools\Binn\;C:\Program Files\Microsoft SQL Server\Client SDK\ODBC\170\Tools\Binn\;C:\Program Files\dotnet\;C:\Program Files\Git\cmd;C:\Users\oscar.avendano\AppData\Local\Microsoft\WindowsApps;C:\Users\oscar.avendano\.dotnet\tools;C:\Users\oscar.avendano\AppData\Local\Programs\Microsoft VS Code\bin;.]
23-Mar-2022 15:36:47.285 INFO [main] org.apache.coyote.AbstractProtocol.init Inicializando el manejador de protocolo ["http-nio-8080"]

23-Mar-2022 15:36:47.301 INFO [main] org.apache.catalina.startup.Catalina.load Initialization processed in 402 ms
23-Mar-2022 15:36:47.352 INFO [main] org.apache.catalina.core.StandardService.startInternal Arrancando servicio [Catalina]
23-Mar-2022 15:36:47.352 INFO [main] org.apache.catalina.core.StandardEngine.startInternal Starting Servlet engine: [Apache Tomcat/8.5.77]
23-Mar-2022 15:36:47.352 INFO [localhost-startStop-1] org.apache.catalina.startup.HostConfig.deployDescriptor Desplieque del descriptor de configuración [C:\Users\oscar.avendano\Desktop\java Web\apache-tomcat-8.5.77\conf\Catalina\localhost\CampaniaWeb.xml]
23-Mar-2022 15:36:47.742 WARNING [localhost-startStop-1] org.apache.catalina.util.SessionIdGeneratorBase.createSecureRandom Creation of SecureRandom instance for session ID generation using [SHA1PRNG] took [129] milliseconds.
23-Mar-2022 15:36:47.758 INFO [localhost-startStop-1] org.apache.catalina.startup.HostConfig.deployDescriptor Deployment of deployment descriptor [C:\Users\oscar.avendano\Desktop\java Web\apache-tomcat-8.5.77\conf\Catalina\localhost\CampaniaWeb.xml] has finished in [406] ms
23-Mar-2022 15:36:47.758 INFO [localhost-startStop-1] org.apache.catalina.startup.HostConfig.deployDirectory Desplegando el directorio [C:\Users\oscar.avendano\Desktop\java Web\apache-tomcat-8.5.77\webapps\docs] de la aplicación web
23-Mar-2022 15:36:47.789 INFO [localhost-startStop-1] org.apache.catalina.startup.HostConfig.deployDirectory Deployment of web application directory [C:\Users\oscar.avendano\Desktop\java Web\apache-tomcat-8.5.77\webapps\docs] has finished in [31] ms
23-Mar-2022 15:36:47.789 INFO [localhost-startStop-1] org.apache.catalina.startup.HostConfig.deployDirectory Desplegando el directorio [C:\Users\oscar.avendano\Desktop\java Web\apache-tomcat-8.5.77\webapps\examples] de la aplicación web
23-Mar-2022 15:36:48.131 INFO [localhost-startStop-1] org.apache.catalina.startup.HostConfig.deployDirectory Deployment of web application directory [C:\Users\oscar.avendano\Desktop\java Web\apache-tomcat-8.5.77\webapps\examples] has finished in [342] ms
23-Mar-2022 15:36:48.131 INFO [localhost-startStop-1] org.apache.catalina.startup.HostConfig.deployDirectory Desplegando el directorio [C:\Users\oscar.avendano\Desktop\java Web\apache-tomcat-8.5.77\webapps\host-manager] de la aplicación web
23-Mar-2022 15:36:48.168 INFO [localhost-startStop-1] org.apache.catalina.startup.HostConfig.deployDirectory Deployment of web application directory [C:\Users\oscar.avendano\Desktop\java Web\apache-tomcat-8.5.77\webapps\host-manager] has finished in [37] ms
23-Mar-2022 15:36:48.168 INFO [localhost-startStop-1] org.apache.catalina.startup.HostConfig.deployDirectory Desplegando el directorio [C:\Users\oscar.avendano\Desktop\java Web\apache-tomcat-8.5.77\webapps\manager] de la aplicación web
23-Mar-2022 15:36:48.199 INFO [localhost-startStop-1] org.apache.catalina.startup.HostConfig.deployDirectory Deployment of web application directory [C:\Users\oscar.avendano\Desktop\java Web\apache-tomcat-8.5.77\webapps\manager] has finished in [31] ms
23-Mar-2022 15:36:48.199 INFO [localhost-startStop-1] org.apache.catalina.startup.HostConfig.deployDirectory Desplegando el directorio [C:\Users\oscar.avendano\Desktop\java Web\apache-tomcat-8.5.77\webapps\ROOT] de la aplicación web
23-Mar-2022 15:36:48.215 INFO [localhost-startStop-1] org.apache.catalina.startup.HostConfig.deployDirectory Deployment of web application directory [C:\Users\oscar.avendano\Desktop\java Web\apache-tomcat-8.5.77\webapps\ROOT] has finished in [16] ms
23-Mar-2022 15:36:48.230 INFO [main] org.apache.coyote.AbstractProtocol.start Starting ProtocolHandler ["http-nio-8080"]
23-Mar-2022 15:36:48.360 INFO [main] org.apache.catalina.startup.Catalina.start Server startup in 1060 ms
23-Mar-2022 15:52:49.152 INFO [main] org.apache.catalina.core.StandardServer.await Se ha recibido un comando de apagado a través del puerto de apagado. Parando la instancia del Servidor.
23-Mar-2022 15:52:49.152 INFO [main] org.apache.coyote.AbstractProtocol.pause Pausing ProtocolHandler ["http-nio-8080"]
23-Mar-2022 15:52:49.247 INFO [main] org.apache.catalina.core.StandardService.stopInternal Parando servicio [Catalina]
23-Mar-2022 15:52:49.259 INFO [main] org.apache.coyote.AbstractProtocol.stop Stopping ProtocolHandler ["http-nio-8080"]
23-Mar-2022 15:52:49.275 INFO [main] org.apache.coyote.AbstractProtocol.destroy Destroying ProtocolHandler ["http-nio-8080"]
