28-Mar-2022 10:01:17.381 INFO [main] org.apache.catalina.startup.VersionLoggerListener.log Nombre de la versión del servidor: Apache Tomcat/8.5.77
28-Mar-2022 10:01:17.381 INFO [main] org.apache.catalina.startup.VersionLoggerListener.log Server built:                      Mar 13 2022 19:13:33 UTC
28-Mar-2022 10:01:17.381 INFO [main] org.apache.catalina.startup.VersionLoggerListener.log Número de versión de servidor:     8.5.77.0
28-Mar-2022 10:01:17.381 INFO [main] org.apache.catalina.startup.VersionLoggerListener.log OS Name:                           Windows 10
28-Mar-2022 10:01:17.381 INFO [main] org.apache.catalina.startup.VersionLoggerListener.log Versión de Systema Operativo:      10.0
28-Mar-2022 10:01:17.381 INFO [main] org.apache.catalina.startup.VersionLoggerListener.log Arquitectura:                      amd64
28-Mar-2022 10:01:17.381 INFO [main] org.apache.catalina.startup.VersionLoggerListener.log Java Home:                         C:\Program Files\Java\jdk-11.0.13
28-Mar-2022 10:01:17.381 INFO [main] org.apache.catalina.startup.VersionLoggerListener.log JVM Version:                       11.0.13+10-LTS-370
28-Mar-2022 10:01:17.381 INFO [main] org.apache.catalina.startup.VersionLoggerListener.log Vededor JVM:                       Oracle Corporation
28-Mar-2022 10:01:17.381 INFO [main] org.apache.catalina.startup.VersionLoggerListener.log CATALINA_BASE:                     C:\Users\oscar.avendano\Desktop\java Web\apache-tomcat-8.5.77
28-Mar-2022 10:01:17.381 INFO [main] org.apache.catalina.startup.VersionLoggerListener.log CATALINA_HOME:                     C:\Users\oscar.avendano\Desktop\java Web\apache-tomcat-8.5.77
28-Mar-2022 10:01:17.381 INFO [main] org.apache.catalina.startup.VersionLoggerListener.log Command line argument:             --add-opens=java.base/java.lang=ALL-UNNAMED
28-Mar-2022 10:01:17.381 INFO [main] org.apache.catalina.startup.VersionLoggerListener.log Command line argument:             --add-opens=java.base/java.io=ALL-UNNAMED
28-Mar-2022 10:01:17.381 INFO [main] org.apache.catalina.startup.VersionLoggerListener.log Command line argument:             --add-opens=java.base/java.util=ALL-UNNAMED
28-Mar-2022 10:01:17.381 INFO [main] org.apache.catalina.startup.VersionLoggerListener.log Command line argument:             --add-opens=java.base/java.util.concurrent=ALL-UNNAMED
28-Mar-2022 10:01:17.381 INFO [main] org.apache.catalina.startup.VersionLoggerListener.log Command line argument:             --add-opens=java.rmi/sun.rmi.transport=ALL-UNNAMED
28-Mar-2022 10:01:17.381 INFO [main] org.apache.catalina.startup.VersionLoggerListener.log Command line argument:             -Djava.util.logging.config.file=C:\Users\oscar.avendano\Desktop\java Web\apache-tomcat-8.5.77\conf\logging.properties
28-Mar-2022 10:01:17.381 INFO [main] org.apache.catalina.startup.VersionLoggerListener.log Command line argument:             -Djava.util.logging.manager=org.apache.juli.ClassLoaderLogManager
28-Mar-2022 10:01:17.381 INFO [main] org.apache.catalina.startup.VersionLoggerListener.log Command line argument:             -Dhttp.nonProxyHosts=localhost|127.0.0.1|54X2FX2
28-Mar-2022 10:01:17.381 INFO [main] org.apache.catalina.startup.VersionLoggerListener.log Command line argument:             -Djdk.tls.ephemeralDHKeySize=2048
28-Mar-2022 10:01:17.381 INFO [main] org.apache.catalina.startup.VersionLoggerListener.log Command line argument:             -Djava.protocol.handler.pkgs=org.apache.catalina.webresources
28-Mar-2022 10:01:17.381 INFO [main] org.apache.catalina.startup.VersionLoggerListener.log Command line argument:             -Dignore.endorsed.dirs=
28-Mar-2022 10:01:17.381 INFO [main] org.apache.catalina.startup.VersionLoggerListener.log Command line argument:             -Dcatalina.base=C:\Users\oscar.avendano\Desktop\java Web\apache-tomcat-8.5.77
28-Mar-2022 10:01:17.381 INFO [main] org.apache.catalina.startup.VersionLoggerListener.log Command line argument:             -Dcatalina.home=C:\Users\oscar.avendano\Desktop\java Web\apache-tomcat-8.5.77
28-Mar-2022 10:01:17.381 INFO [main] org.apache.catalina.startup.VersionLoggerListener.log Command line argument:             -Djava.io.tmpdir=C:\Users\oscar.avendano\Desktop\java Web\apache-tomcat-8.5.77\temp
28-Mar-2022 10:01:17.449 INFO [main] org.apache.catalina.core.AprLifecycleListener.lifecycleEvent La biblioteca nativa de Apache Tomcat basada en ARP que permite un rendimiento óptimo en entornos de desarrollo no ha sido hallada en java.library.path: [C:\Program Files\Java\jdk-11.0.13\bin;C:\WINDOWS\Sun\Java\bin;C:\WINDOWS\system32;C:\WINDOWS;C:\Program Files\Common Files\Oracle\Java\javapath;C:\ProgramData\Oracle\Java\javapath;C:\WINDOWS\system32;C:\WINDOWS;C:\WINDOWS\System32\Wbem;C:\WINDOWS\System32\WindowsPowerShell\v1.0\;C:\WINDOWS\System32\OpenSSH\;C:\Program Files (x86)\Intel\Intel(R) Management Engine Components\DAL;C:\Program Files\Intel\Intel(R) Management Engine Components\DAL;C:\Program Files\Microsoft SQL Server\150\Tools\Binn\;C:\Program Files\Microsoft SQL Server\Client SDK\ODBC\170\Tools\Binn\;C:\Program Files\dotnet\;C:\Program Files\Git\cmd;C:\Users\oscar.avendano\AppData\Local\Microsoft\WindowsApps;C:\Users\oscar.avendano\.dotnet\tools;C:\Users\oscar.avendano\AppData\Local\Programs\Microsoft VS Code\bin;.]
28-Mar-2022 10:01:17.532 INFO [main] org.apache.coyote.AbstractProtocol.init Inicializando el manejador de protocolo ["http-nio-8080"]

28-Mar-2022 10:01:17.579 INFO [main] org.apache.catalina.startup.Catalina.load Initialization processed in 582 ms
28-Mar-2022 10:01:18.184 INFO [main] org.apache.catalina.core.StandardService.startInternal Arrancando servicio [Catalina]
28-Mar-2022 10:01:18.184 INFO [main] org.apache.catalina.core.StandardEngine.startInternal Starting Servlet engine: [Apache Tomcat/8.5.77]
28-Mar-2022 10:01:18.206 INFO [localhost-startStop-1] org.apache.catalina.startup.HostConfig.deployDescriptor Desplieque del descriptor de configuración [C:\Users\oscar.avendano\Desktop\java Web\apache-tomcat-8.5.77\conf\Catalina\localhost\CampaniaWeb.xml]
28-Mar-2022 10:01:19.722 WARNING [localhost-startStop-1] org.apache.catalina.util.SessionIdGeneratorBase.createSecureRandom Creation of SecureRandom instance for session ID generation using [SHA1PRNG] took [129] milliseconds.
28-Mar-2022 10:01:19.769 INFO [localhost-startStop-1] org.apache.catalina.startup.HostConfig.deployDescriptor Deployment of deployment descriptor [C:\Users\oscar.avendano\Desktop\java Web\apache-tomcat-8.5.77\conf\Catalina\localhost\CampaniaWeb.xml] has finished in [1.563] ms
28-Mar-2022 10:01:19.769 INFO [localhost-startStop-1] org.apache.catalina.startup.HostConfig.deployDirectory Desplegando el directorio [C:\Users\oscar.avendano\Desktop\java Web\apache-tomcat-8.5.77\webapps\docs] de la aplicación web
28-Mar-2022 10:01:19.806 INFO [localhost-startStop-1] org.apache.catalina.startup.HostConfig.deployDirectory Deployment of web application directory [C:\Users\oscar.avendano\Desktop\java Web\apache-tomcat-8.5.77\webapps\docs] has finished in [37] ms
28-Mar-2022 10:01:19.806 INFO [localhost-startStop-1] org.apache.catalina.startup.HostConfig.deployDirectory Desplegando el directorio [C:\Users\oscar.avendano\Desktop\java Web\apache-tomcat-8.5.77\webapps\examples] de la aplicación web
28-Mar-2022 10:01:22.836 INFO [localhost-startStop-1] org.apache.catalina.startup.HostConfig.deployDirectory Deployment of web application directory [C:\Users\oscar.avendano\Desktop\java Web\apache-tomcat-8.5.77\webapps\examples] has finished in [3.030] ms
28-Mar-2022 10:01:22.836 INFO [localhost-startStop-1] org.apache.catalina.startup.HostConfig.deployDirectory Desplegando el directorio [C:\Users\oscar.avendano\Desktop\java Web\apache-tomcat-8.5.77\webapps\host-manager] de la aplicación web
28-Mar-2022 10:01:22.920 INFO [localhost-startStop-1] org.apache.catalina.startup.HostConfig.deployDirectory Deployment of web application directory [C:\Users\oscar.avendano\Desktop\java Web\apache-tomcat-8.5.77\webapps\host-manager] has finished in [84] ms
28-Mar-2022 10:01:22.920 INFO [localhost-startStop-1] org.apache.catalina.startup.HostConfig.deployDirectory Desplegando el directorio [C:\Users\oscar.avendano\Desktop\java Web\apache-tomcat-8.5.77\webapps\manager] de la aplicación web
28-Mar-2022 10:01:22.966 INFO [localhost-startStop-1] org.apache.catalina.startup.HostConfig.deployDirectory Deployment of web application directory [C:\Users\oscar.avendano\Desktop\java Web\apache-tomcat-8.5.77\webapps\manager] has finished in [46] ms
28-Mar-2022 10:01:22.966 INFO [localhost-startStop-1] org.apache.catalina.startup.HostConfig.deployDirectory Desplegando el directorio [C:\Users\oscar.avendano\Desktop\java Web\apache-tomcat-8.5.77\webapps\ROOT] de la aplicación web
28-Mar-2022 10:01:23.003 INFO [localhost-startStop-1] org.apache.catalina.startup.HostConfig.deployDirectory Deployment of web application directory [C:\Users\oscar.avendano\Desktop\java Web\apache-tomcat-8.5.77\webapps\ROOT] has finished in [37] ms
28-Mar-2022 10:01:23.003 INFO [main] org.apache.coyote.AbstractProtocol.start Starting ProtocolHandler ["http-nio-8080"]
28-Mar-2022 10:01:23.262 INFO [main] org.apache.catalina.startup.Catalina.start Server startup in 5688 ms
28-Mar-2022 15:50:45.078 INFO [main] org.apache.catalina.core.StandardServer.await Se ha recibido un comando de apagado a través del puerto de apagado. Parando la instancia del Servidor.
28-Mar-2022 15:50:45.078 INFO [main] org.apache.coyote.AbstractProtocol.pause Pausing ProtocolHandler ["http-nio-8080"]
28-Mar-2022 15:50:45.192 INFO [main] org.apache.catalina.core.StandardService.stopInternal Parando servicio [Catalina]
28-Mar-2022 15:50:45.267 INFO [main] org.apache.coyote.AbstractProtocol.stop Stopping ProtocolHandler ["http-nio-8080"]
28-Mar-2022 15:50:45.282 INFO [main] org.apache.coyote.AbstractProtocol.destroy Destroying ProtocolHandler ["http-nio-8080"]
